odyssey_errors_OD_EATTACH 0
odyssey_errors_OD_EATTACH_TARGET_SESSION_ATTRS_MISMATCH 0
odyssey_errors_OD_EATTACH_TOO_MANY_CONNECTIONS 0
odyssey_errors_OD_ECATCHUP_TIMEOUT 0
odyssey_errors_OD_ECLIENT_READ 1
odyssey_errors_OD_ECLIENT_WRITE 0
odyssey_errors_OD_EOOM 0
odyssey_errors_OD_ESERVER_CONNECT 0
odyssey_errors_OD_ESERVER_READ 0
odyssey_errors_OD_ESERVER_WRITE 0
odyssey_errors_OD_ESYNC_BROKEN 0
odyssey_errors_OD_ROUTER_ERROR_LIMIT 0
odyssey_errors_OD_ROUTER_ERROR_LIMIT_ROUTE 0
odyssey_errors_OD_ROUTER_ERROR_NOT_FOUND 0
odyssey_errors_OD_ROUTER_ERROR_REPLICATION 0
odyssey_errors_OD_ROUTER_ERROR_TIMEDOUT 0
odyssey_exporter_up 1
odyssey_is_paused 0
odyssey_lists_cached_dns_names 0
odyssey_lists_cached_dns_zones 0
odyssey_lists_databases 0
odyssey_lists_free_clients 0
odyssey_lists_free_servers 16
odyssey_lists_in_flight_dns_queries 0
odyssey_lists_login_clients 0
odyssey_lists_pools 2
odyssey_lists_used_clients 1
odyssey_lists_used_servers 0
odyssey_lists_users 0
odyssey_pool_aggregated_aggregated_bytes_received 0
odyssey_pool_aggregated_aggregated_bytes_sent 0
odyssey_pool_aggregated_aggregated_cl_active 0
odyssey_pool_aggregated_aggregated_cl_waiting 0
odyssey_pool_aggregated_aggregated_maxwait 0
odyssey_pool_aggregated_aggregated_maxwait_us 0
odyssey_pool_aggregated_aggregated_pool_mode 0
odyssey_pool_aggregated_aggregated_sv_active 0
odyssey_pool_aggregated_aggregated_sv_idle 0
odyssey_pool_aggregated_aggregated_sv_login 0
odyssey_pool_aggregated_aggregated_sv_tested 0
odyssey_pool_aggregated_aggregated_sv_used 0
odyssey_pool_aggregated_aggregated_tcp_conn_count 0
odyssey_pool_console_console_bytes_received 0
odyssey_pool_console_console_bytes_sent 0
odyssey_pool_console_console_cl_active 0
odyssey_pool_console_console_cl_waiting 1
odyssey_pool_console_console_maxwait 0
odyssey_pool_console_console_maxwait_us 0
odyssey_pool_console_console_pool_mode{mode="session"} 1
odyssey_pool_console_console_sv_active 0
odyssey_pool_console_console_sv_idle 0
odyssey_pool_console_console_sv_login 0
odyssey_pool_console_console_sv_tested 0
odyssey_pool_console_console_sv_used 0
odyssey_pool_console_console_tcp_conn_count 2
odyssey_pool_postgres_postgres_cl_active 0
odyssey_pool_postgres_postgres_cl_waiting 0
odyssey_pool_postgres_postgres_maxwait 0
odyssey_pool_postgres_postgres_maxwait_us 0
odyssey_pool_postgres_postgres_pool_mode{mode="session"} 1
odyssey_pool_postgres_postgres_sv_active 0
odyssey_pool_postgres_postgres_sv_idle 16
odyssey_pool_postgres_postgres_sv_login 0
odyssey_pool_postgres_postgres_sv_tested 0
odyssey_pool_postgres_postgres_sv_used 0
odyssey_pool_postgres_postgres_tcp_conn_count 20
